# JRE version: OpenJDK Runtime Environment (8.0_202-b03) (build 1.8.0_202-release-1483-b03)
# Java VM: OpenJDK 64-Bit Server VM (25.202-b03 mixed mode windows-amd64 compressed oops)
Heap:
 PSYoungGen      total 348160K, used 260415K [0x00000000e0000000, 0x00000000f8a80000, 0x0000000100000000)
  eden space 322048K, 77% used [0x00000000e0000000,0x00000000ef3a7268,0x00000000f3a80000)
  from space 26112K, 41% used [0x00000000f3a80000,0x00000000f4528b88,0x00000000f5400000)
  to   space 25088K, 0% used [0x00000000f7200000,0x00000000f7200000,0x00000000f8a80000)
 ParOldGen       total 154112K, used 68328K [0x00000000a0000000, 0x00000000a9680000, 0x00000000e0000000)
  object space 154112K, 44% used [0x00000000a0000000,0x00000000a42ba0f0,0x00000000a9680000)
 Metaspace       used 89339K, capacity 93136K, committed 93336K, reserved 1130496K
  class space    used 11619K, capacity 12359K, committed 12440K, reserved 1048576K
GC Heap History (10 events):
Event: 29.131 GC heap before
{Heap before GC invocations=16 (full 3):
 PSYoungGen      total 240128K, used 239867K [0x00000000e0000000, 0x00000000f0d00000, 0x0000000100000000)
  eden space 223232K, 100% used [0x00000000e0000000,0x00000000eda00000,0x00000000eda00000)
  from space 16896K, 98% used [0x00000000efc80000,0x00000000f0cbeef8,0x00000000f0d00000)
  to   space 21504K, 0% used [0x00000000ee300000,0x00000000ee300000,0x00000000ef800000)
 ParOldGen       total 154112K, used 29638K [0x00000000a0000000, 0x00000000a9680000, 0x00000000e0000000)
  object space 154112K, 19% used [0x00000000a0000000,0x00000000a1cf1bf0,0x00000000a9680000)
 Metaspace       used 71519K, capacity 74100K, committed 74264K, reserved 1114112K
  class space    used 9606K, capacity 10180K, committed 10264K, reserved 1048576K
Event: 29.151 GC heap after
Heap after GC invocations=16 (full 3):
 PSYoungGen      total 253952K, used 18845K [0x00000000e0000000, 0x00000000f4000000, 0x0000000100000000)
  eden space 232448K, 0% used [0x00000000e0000000,0x00000000e0000000,0x00000000ee300000)
  from space 21504K, 87% used [0x00000000ee300000,0x00000000ef567508,0x00000000ef800000)
  to   space 23552K, 0% used [0x00000000f2900000,0x00000000f2900000,0x00000000f4000000)
 ParOldGen       total 154112K, used 44431K [0x00000000a0000000, 0x00000000a9680000, 0x00000000e0000000)
  object space 154112K, 28% used [0x00000000a0000000,0x00000000a2b63cd0,0x00000000a9680000)
 Metaspace       used 71519K, capacity 74100K, committed 74264K, reserved 1114112K
  class space    used 9606K, capacity 10180K, committed 10264K, reserved 1048576K
}
Event: 59.141 GC heap before
{Heap before GC invocations=17 (full 3):
 PSYoungGen      total 253952K, used 251293K [0x00000000e0000000, 0x00000000f4000000, 0x0000000100000000)
  eden space 232448K, 100% used [0x00000000e0000000,0x00000000ee300000,0x00000000ee300000)
  from space 21504K, 87% used [0x00000000ee300000,0x00000000ef567508,0x00000000ef800000)
  to   space 23552K, 0% used [0x00000000f2900000,0x00000000f2900000,0x00000000f4000000)
 ParOldGen       total 154112K, used 44431K [0x00000000a0000000, 0x00000000a9680000, 0x00000000e0000000)
  object space 154112K, 28% used [0x00000000a0000000,0x00000000a2b63cd0,0x00000000a9680000)
 Metaspace       used 78850K, capacity 81880K, committed 82200K, reserved 1120256K
  class space    used 10331K, capacity 10967K, committed 11032K, reserved 1048576K
Event: 59.163 GC heap after
Heap after GC invocations=17 (full 3):
 PSYoungGen      total 299520K, used 23538K [0x00000000e0000000, 0x00000000f4b80000, 0x0000000100000000)
  eden space 275968K, 0% used [0x00000000e0000000,0x00000000e0000000,0x00000000f0d80000)
  from space 23552K, 99% used [0x00000000f2900000,0x00000000f3ffcb50,0x00000000f4000000)
  to   space 28160K, 0% used [0x00000000f0d80000,0x00000000f0d80000,0x00000000f2900000)
 ParOldGen       total 154112K, used 47415K [0x00000000a0000000, 0x00000000a9680000, 0x00000000e0000000)
  object space 154112K, 30% used [0x00000000a0000000,0x00000000a2e4dde8,0x00000000a9680000)
 Metaspace       used 78850K, capacity 81880K, committed 82200K, reserved 1120256K
  class space    used 10331K, capacity 10967K, committed 11032K, reserved 1048576K
}
Event: 64.159 GC heap before
{Heap before GC invocations=18 (full 3):
 PSYoungGen      total 299520K, used 299506K [0x00000000e0000000, 0x00000000f4b80000, 0x0000000100000000)
  eden space 275968K, 100% used [0x00000000e0000000,0x00000000f0d80000,0x00000000f0d80000)
  from space 23552K, 99% used [0x00000000f2900000,0x00000000f3ffcb50,0x00000000f4000000)
  to   space 28160K, 0% used [0x00000000f0d80000,0x00000000f0d80000,0x00000000f2900000)
 ParOldGen       total 154112K, used 47415K [0x00000000a0000000, 0x00000000a9680000, 0x00000000e0000000)
  object space 154112K, 30% used [0x00000000a0000000,0x00000000a2e4dde8,0x00000000a9680000)
 Metaspace       used 87525K, capacity 90996K, committed 91288K, reserved 1128448K
  class space    used 11425K, capacity 12147K, committed 12184K, reserved 1048576K
Event: 64.185 GC heap after
Heap after GC invocations=18 (full 3):
 PSYoungGen      total 304128K, used 14436K [0x00000000e0000000, 0x00000000f7580000, 0x0000000100000000)
  eden space 275968K, 0% used [0x00000000e0000000,0x00000000e0000000,0x00000000f0d80000)
  from space 28160K, 51% used [0x00000000f0d80000,0x00000000f1b990a8,0x00000000f2900000)
  to   space 27136K, 0% used [0x00000000f5b00000,0x00000000f5b00000,0x00000000f7580000)
 ParOldGen       total 154112K, used 68312K [0x00000000a0000000, 0x00000000a9680000, 0x00000000e0000000)
  object space 154112K, 44% used [0x00000000a0000000,0x00000000a42b60f0,0x00000000a9680000)
 Metaspace       used 87525K, capacity 90996K, committed 91288K, reserved 1128448K
  class space    used 11425K, capacity 12147K, committed 12184K, reserved 1048576K
}
Event: 66.246 GC heap before
{Heap before GC invocations=19 (full 3):
 PSYoungGen      total 304128K, used 290404K [0x00000000e0000000, 0x00000000f7580000, 0x0000000100000000)
  eden space 275968K, 100% used [0x00000000e0000000,0x00000000f0d80000,0x00000000f0d80000)
  from space 28160K, 51% used [0x00000000f0d80000,0x00000000f1b990a8,0x00000000f2900000)
  to   space 27136K, 0% used [0x00000000f5b00000,0x00000000f5b00000,0x00000000f7580000)
 ParOldGen       total 154112K, used 68312K [0x00000000a0000000, 0x00000000a9680000, 0x00000000e0000000)
  object space 154112K, 44% used [0x00000000a0000000,0x00000000a42b60f0,0x00000000a9680000)
 Metaspace       used 88143K, capacity 91704K, committed 91928K, reserved 1128448K
  class space    used 11483K, capacity 12215K, committed 12312K, reserved 1048576K
Event: 66.258 GC heap after
Heap after GC invocations=19 (full 3):
 PSYoungGen      total 340992K, used 10121K [0x00000000e0000000, 0x00000000f6d80000, 0x0000000100000000)
  eden space 322048K, 0% used [0x00000000e0000000,0x00000000e0000000,0x00000000f3a80000)
  from space 18944K, 53% used [0x00000000f5b00000,0x00000000f64e26b0,0x00000000f6d80000)
  to   space 26112K, 0% used [0x00000000f3a80000,0x00000000f3a80000,0x00000000f5400000)
 ParOldGen       total 154112K, used 68320K [0x00000000a0000000, 0x00000000a9680000, 0x00000000e0000000)
  object space 154112K, 44% used [0x00000000a0000000,0x00000000a42b80f0,0x00000000a9680000)
 Metaspace       used 88143K, capacity 91704K, committed 91928K, reserved 1128448K
  class space    used 11483K, capacity 12215K, committed 12312K, reserved 1048576K
}
Event: 68.811 GC heap before
{Heap before GC invocations=20 (full 3):
 PSYoungGen      total 340992K, used 332169K [0x00000000e0000000, 0x00000000f6d80000, 0x0000000100000000)
  eden space 322048K, 100% used [0x00000000e0000000,0x00000000f3a80000,0x00000000f3a80000)
  from space 18944K, 53% used [0x00000000f5b00000,0x00000000f64e26b0,0x00000000f6d80000)
  to   space 26112K, 0% used [0x00000000f3a80000,0x00000000f3a80000,0x00000000f5400000)
 ParOldGen       total 154112K, used 68320K [0x00000000a0000000, 0x00000000a9680000, 0x00000000e0000000)
  object space 154112K, 44% used [0x00000000a0000000,0x00000000a42b80f0,0x00000000a9680000)
 Metaspace       used 89309K, capacity 93128K, committed 93336K, reserved 1130496K
  class space    used 11618K, capacity 12357K, committed 12440K, reserved 1048576K
Event: 68.825 GC heap after
Heap after GC invocations=20 (full 3):
 PSYoungGen      total 348160K, used 10914K [0x00000000e0000000, 0x00000000f8a80000, 0x0000000100000000)
  eden space 322048K, 0% used [0x00000000e0000000,0x00000000e0000000,0x00000000f3a80000)
  from space 26112K, 41% used [0x00000000f3a80000,0x00000000f4528b88,0x00000000f5400000)
  to   space 25088K, 0% used [0x00000000f7200000,0x00000000f7200000,0x00000000f8a80000)
 ParOldGen       total 154112K, used 68328K [0x00000000a0000000, 0x00000000a9680000, 0x00000000e0000000)
  object space 154112K, 44% used [0x00000000a0000000,0x00000000a42ba0f0,0x00000000a9680000)
 Metaspace       used 89309K, capacity 93128K, committed 93336K, reserved 1130496K
  class space    used 11618K, capacity 12357K, committed 12440K, reserved 1048576K
}

