# JRE version: OpenJDK Runtime Environment (8.0_202-b03) (build 1.8.0_202-release-1483-b03)
# Java VM: OpenJDK 64-Bit Server VM (25.202-b03 mixed mode windows-amd64 compressed oops)
Heap:
 PSYoungGen      total 187392K, used 16008K [0x00000000e0000000, 0x00000000f1500000, 0x0000000100000000)
  eden space 168448K, 9% used [0x00000000e0000000,0x00000000e0fa2050,0x00000000ea480000)
  from space 18944K, 0% used [0x00000000ea480000,0x00000000ea480000,0x00000000eb700000)
  to   space 19456K, 0% used [0x00000000f0200000,0x00000000f0200000,0x00000000f1500000)
 ParOldGen       total 113664K, used 27864K [0x00000000a0000000, 0x00000000a6f00000, 0x00000000e0000000)
  object space 113664K, 24% used [0x00000000a0000000,0x00000000a1b361f8,0x00000000a6f00000)
 Metaspace       used 58484K, capacity 60240K, committed 60376K, reserved 1101824K
  class space    used 8017K, capacity 8447K, committed 8448K, reserved 1048576K
GC Heap History (10 events):
Event: 7.595 GC heap before
{Heap before GC invocations=10 (full 2):
 PSYoungGen      total 136704K, used 8002K [0x00000000e0000000, 0x00000000e9a80000, 0x0000000100000000)
  eden space 123904K, 0% used [0x00000000e0000000,0x00000000e0000000,0x00000000e7900000)
  from space 12800K, 62% used [0x00000000e8500000,0x00000000e8cd0b18,0x00000000e9180000)
  to   space 12288K, 0% used [0x00000000e7900000,0x00000000e7900000,0x00000000e8500000)
 ParOldGen       total 87040K, used 9897K [0x00000000a0000000, 0x00000000a5500000, 0x00000000e0000000)
  object space 87040K, 11% used [0x00000000a0000000,0x00000000a09aa5e8,0x00000000a5500000)
 Metaspace       used 34676K, capacity 35412K, committed 35456K, reserved 1079296K
  class space    used 4782K, capacity 4991K, committed 4992K, reserved 1048576K
Event: 7.684 GC heap after
Heap after GC invocations=10 (full 2):
 PSYoungGen      total 136704K, used 0K [0x00000000e0000000, 0x00000000e9a80000, 0x0000000100000000)
  eden space 123904K, 0% used [0x00000000e0000000,0x00000000e0000000,0x00000000e7900000)
  from space 12800K, 0% used [0x00000000e8500000,0x00000000e8500000,0x00000000e9180000)
  to   space 12288K, 0% used [0x00000000e7900000,0x00000000e7900000,0x00000000e8500000)
 ParOldGen       total 113664K, used 14968K [0x00000000a0000000, 0x00000000a6f00000, 0x00000000e0000000)
  object space 113664K, 13% used [0x00000000a0000000,0x00000000a0e9e200,0x00000000a6f00000)
 Metaspace       used 34674K, capacity 35406K, committed 35456K, reserved 1079296K
  class space    used 4782K, capacity 4990K, committed 4992K, reserved 1048576K
}
Event: 9.663 GC heap before
{Heap before GC invocations=11 (full 2):
 PSYoungGen      total 136704K, used 123904K [0x00000000e0000000, 0x00000000e9a80000, 0x0000000100000000)
  eden space 123904K, 100% used [0x00000000e0000000,0x00000000e7900000,0x00000000e7900000)
  from space 12800K, 0% used [0x00000000e8500000,0x00000000e8500000,0x00000000e9180000)
  to   space 12288K, 0% used [0x00000000e7900000,0x00000000e7900000,0x00000000e8500000)
 ParOldGen       total 113664K, used 14968K [0x00000000a0000000, 0x00000000a6f00000, 0x00000000e0000000)
  object space 113664K, 13% used [0x00000000a0000000,0x00000000a0e9e200,0x00000000a6f00000)
 Metaspace       used 45746K, capacity 46774K, committed 46976K, reserved 1089536K
  class space    used 6180K, capacity 6486K, committed 6528K, reserved 1048576K
Event: 9.676 GC heap after
Heap after GC invocations=11 (full 2):
 PSYoungGen      total 136192K, used 12266K [0x00000000e0000000, 0x00000000ec580000, 0x0000000100000000)
  eden space 123904K, 0% used [0x00000000e0000000,0x00000000e0000000,0x00000000e7900000)
  from space 12288K, 99% used [0x00000000e7900000,0x00000000e84faab8,0x00000000e8500000)
  to   space 14848K, 0% used [0x00000000eb700000,0x00000000eb700000,0x00000000ec580000)
 ParOldGen       total 113664K, used 18636K [0x00000000a0000000, 0x00000000a6f00000, 0x00000000e0000000)
  object space 113664K, 16% used [0x00000000a0000000,0x00000000a1233310,0x00000000a6f00000)
 Metaspace       used 45746K, capacity 46774K, committed 46976K, reserved 1089536K
  class space    used 6180K, capacity 6486K, committed 6528K, reserved 1048576K
}
Event: 11.389 GC heap before
{Heap before GC invocations=12 (full 2):
 PSYoungGen      total 136192K, used 136170K [0x00000000e0000000, 0x00000000ec580000, 0x0000000100000000)
  eden space 123904K, 100% used [0x00000000e0000000,0x00000000e7900000,0x00000000e7900000)
  from space 12288K, 99% used [0x00000000e7900000,0x00000000e84faab8,0x00000000e8500000)
  to   space 14848K, 0% used [0x00000000eb700000,0x00000000eb700000,0x00000000ec580000)
 ParOldGen       total 113664K, used 18636K [0x00000000a0000000, 0x00000000a6f00000, 0x00000000e0000000)
  object space 113664K, 16% used [0x00000000a0000000,0x00000000a1233310,0x00000000a6f00000)
 Metaspace       used 56898K, capacity 58498K, committed 58624K, reserved 1099776K
  class space    used 7747K, capacity 8152K, committed 8192K, reserved 1048576K
Event: 11.406 GC heap after
Heap after GC invocations=12 (full 2):
 PSYoungGen      total 183296K, used 14842K [0x00000000e0000000, 0x00000000eca80000, 0x0000000100000000)
  eden space 168448K, 0% used [0x00000000e0000000,0x00000000e0000000,0x00000000ea480000)
  from space 14848K, 99% used [0x00000000eb700000,0x00000000ec57e908,0x00000000ec580000)
  to   space 18944K, 0% used [0x00000000ea480000,0x00000000ea480000,0x00000000eb700000)
 ParOldGen       total 113664K, used 25434K [0x00000000a0000000, 0x00000000a6f00000, 0x00000000e0000000)
  object space 113664K, 22% used [0x00000000a0000000,0x00000000a18d6a00,0x00000000a6f00000)
 Metaspace       used 56898K, capacity 58498K, committed 58624K, reserved 1099776K
  class space    used 7747K, capacity 8152K, committed 8192K, reserved 1048576K
}
Event: 11.497 GC heap before
{Heap before GC invocations=13 (full 2):
 PSYoungGen      total 183296K, used 21447K [0x00000000e0000000, 0x00000000eca80000, 0x0000000100000000)
  eden space 168448K, 3% used [0x00000000e0000000,0x00000000e0673570,0x00000000ea480000)
  from space 14848K, 99% used [0x00000000eb700000,0x00000000ec57e908,0x00000000ec580000)
  to   space 18944K, 0% used [0x00000000ea480000,0x00000000ea480000,0x00000000eb700000)
 ParOldGen       total 113664K, used 25434K [0x00000000a0000000, 0x00000000a6f00000, 0x00000000e0000000)
  object space 113664K, 22% used [0x00000000a0000000,0x00000000a18d6a00,0x00000000a6f00000)
 Metaspace       used 57311K, capacity 58878K, committed 59096K, reserved 1099776K
  class space    used 7810K, capacity 8188K, committed 8192K, reserved 1048576K
Event: 11.511 GC heap after
Heap after GC invocations=13 (full 2):
 PSYoungGen      total 187392K, used 13960K [0x00000000e0000000, 0x00000000f1500000, 0x0000000100000000)
  eden space 168448K, 0% used [0x00000000e0000000,0x00000000e0000000,0x00000000ea480000)
  from space 18944K, 73% used [0x00000000ea480000,0x00000000eb222118,0x00000000eb700000)
  to   space 19456K, 0% used [0x00000000f0200000,0x00000000f0200000,0x00000000f1500000)
 ParOldGen       total 113664K, used 25442K [0x00000000a0000000, 0x00000000a6f00000, 0x00000000e0000000)
  object space 113664K, 22% used [0x00000000a0000000,0x00000000a18d8a00,0x00000000a6f00000)
 Metaspace       used 57311K, capacity 58878K, committed 59096K, reserved 1099776K
  class space    used 7810K, capacity 8188K, committed 8192K, reserved 1048576K
}
Event: 11.511 GC heap before
{Heap before GC invocations=14 (full 3):
 PSYoungGen      total 187392K, used 13960K [0x00000000e0000000, 0x00000000f1500000, 0x0000000100000000)
  eden space 168448K, 0% used [0x00000000e0000000,0x00000000e0000000,0x00000000ea480000)
  from space 18944K, 73% used [0x00000000ea480000,0x00000000eb222118,0x00000000eb700000)
  to   space 19456K, 0% used [0x00000000f0200000,0x00000000f0200000,0x00000000f1500000)
 ParOldGen       total 113664K, used 25442K [0x00000000a0000000, 0x00000000a6f00000, 0x00000000e0000000)
  object space 113664K, 22% used [0x00000000a0000000,0x00000000a18d8a00,0x00000000a6f00000)
 Metaspace       used 57311K, capacity 58878K, committed 59096K, reserved 1099776K
  class space    used 7810K, capacity 8188K, committed 8192K, reserved 1048576K
Event: 11.767 GC heap after
Heap after GC invocations=14 (full 3):
 PSYoungGen      total 187392K, used 0K [0x00000000e0000000, 0x00000000f1500000, 0x0000000100000000)
  eden space 168448K, 0% used [0x00000000e0000000,0x00000000e0000000,0x00000000ea480000)
  from space 18944K, 0% used [0x00000000ea480000,0x00000000ea480000,0x00000000eb700000)
  to   space 19456K, 0% used [0x00000000f0200000,0x00000000f0200000,0x00000000f1500000)
 ParOldGen       total 113664K, used 27864K [0x00000000a0000000, 0x00000000a6f00000, 0x00000000e0000000)
  object space 113664K, 24% used [0x00000000a0000000,0x00000000a1b361f8,0x00000000a6f00000)
 Metaspace       used 57311K, capacity 58878K, committed 59096K, reserved 1099776K
  class space    used 7810K, capacity 8188K, committed 8192K, reserved 1048576K
}

